01:39:59 [INFO] DB ready: /home/lishen/Gitlab/Agentic4Sci/hfpapers-crawler/data/arxiv_meta.db
01:39:59 [INFO] 仅下载 Tier 1 核心分类
01:39:59 [INFO] 
[1/11] 📥 cs:cs:AI
01:40:03 [INFO]   [cs:cs:AI] page 1: +413 (cursor: 0/0)
01:40:10 [INFO]   [cs:cs:AI] page 2: +1635 (cursor: 0/0)
01:40:20 [INFO]   [cs:cs:AI] page 3: +2919 (cursor: 0/0)
01:40:27 [INFO]   [cs:cs:AI] page 4: +4218 (cursor: 0/0)
01:40:33 [INFO]   [cs:cs:AI] page 5: +5465 (cursor: 0/0)
01:40:39 [INFO]   [cs:cs:AI] page 6: +6760 (cursor: 0/0)
01:40:48 [INFO]   [cs:cs:AI] page 7: +8005 (cursor: 0/0)
01:40:55 [INFO]   [cs:cs:AI] page 8: +9297 (cursor: 0/0)
01:41:04 [INFO]   [cs:cs:AI] page 9: +10596 (cursor: 0/0)
01:41:14 [INFO]   [cs:cs:AI] page 10: +11894 (cursor: 0/0)
01:41:26 [INFO]   [cs:cs:AI] page 11: +13192 (cursor: 0/0)
01:41:34 [INFO]   [cs:cs:AI] page 12: +14490 (cursor: 0/0)
01:41:43 [INFO]   [cs:cs:AI] page 13: +15788 (cursor: 0/0)
01:41:50 [INFO]   [cs:cs:AI] page 14: +17088 (cursor: 0/0)
01:41:59 [INFO]   [cs:cs:AI] page 15: +18388 (cursor: 0/0)
01:42:08 [INFO]   [cs:cs:AI] page 16: +19687 (cursor: 0/0)
01:42:18 [INFO]   [cs:cs:AI] page 17: +20987 (cursor: 0/0)
01:42:25 [INFO]   [cs:cs:AI] page 18: +22287 (cursor: 0/0)
01:42:35 [INFO]   [cs:cs:AI] page 19: +23587 (cursor: 0/0)
01:42:43 [INFO]   [cs:cs:AI] page 20: +24887 (cursor: 0/0)
01:42:53 [INFO]   [cs:cs:AI] page 21: +26187 (cursor: 0/0)
01:42:59 [WARNING]   请求失败 ListRecords: ("Connection broken: BrokenPipeError(32, 'Broken pipe')", BrokenPipeError(32, 'Broken pipe'))
01:43:04 [INFO]   [cs:cs:AI] page 22: +27486 (cursor: 0/0)
01:43:12 [INFO]   [cs:cs:AI] page 23: +28782 (cursor: 0/0)
01:43:21 [INFO]   [cs:cs:AI] page 24: +30081 (cursor: 0/0)
01:43:27 [INFO]   [cs:cs:AI] page 25: +31381 (cursor: 0/0)
01:43:38 [INFO]   [cs:cs:AI] page 26: +32681 (cursor: 0/0)
01:43:51 [INFO]   [cs:cs:AI] page 27: +33981 (cursor: 0/0)
01:43:58 [INFO]   [cs:cs:AI] page 28: +35281 (cursor: 0/0)
01:44:05 [INFO]   [cs:cs:AI] page 29: +36581 (cursor: 0/0)
01:44:13 [INFO]   [cs:cs:AI] page 30: +37881 (cursor: 0/0)
01:44:20 [INFO]   [cs:cs:AI] page 31: +39181 (cursor: 0/0)
01:44:27 [INFO]   [cs:cs:AI] page 32: +40481 (cursor: 0/0)
01:44:34 [INFO]   [cs:cs:AI] page 33: +41781 (cursor: 0/0)
01:44:44 [INFO]   [cs:cs:AI] page 34: +43081 (cursor: 0/0)
01:44:51 [INFO]   [cs:cs:AI] page 35: +44381 (cursor: 0/0)
01:44:58 [INFO]   [cs:cs:AI] page 36: +45681 (cursor: 0/0)
01:45:05 [INFO]   [cs:cs:AI] page 37: +46981 (cursor: 0/0)
01:45:16 [INFO]   [cs:cs:AI] page 38: +48281 (cursor: 0/0)
01:45:23 [INFO]   [cs:cs:AI] page 39: +49581 (cursor: 0/0)
01:45:32 [INFO]   [cs:cs:AI] page 40: +50881 (cursor: 0/0)
01:45:39 [INFO]   [cs:cs:AI] page 41: +52181 (cursor: 0/0)
01:45:50 [INFO]   [cs:cs:AI] page 42: +53481 (cursor: 0/0)
01:46:00 [INFO]   [cs:cs:AI] page 43: +54781 (cursor: 0/0)
01:46:07 [INFO]   [cs:cs:AI] page 44: +56081 (cursor: 0/0)
01:46:15 [INFO]   [cs:cs:AI] page 45: +57380 (cursor: 0/0)
01:46:23 [INFO]   [cs:cs:AI] page 46: +58680 (cursor: 0/0)
01:46:30 [INFO]   [cs:cs:AI] page 47: +59980 (cursor: 0/0)
01:46:37 [INFO]   [cs:cs:AI] page 48: +61280 (cursor: 0/0)
01:46:45 [INFO]   [cs:cs:AI] page 49: +62580 (cursor: 0/0)
01:46:55 [INFO]   [cs:cs:AI] page 50: +63880 (cursor: 0/0)
01:47:06 [INFO]   [cs:cs:AI] page 51: +65180 (cursor: 0/0)
01:47:14 [INFO]   [cs:cs:AI] page 52: +66480 (cursor: 0/0)
01:47:21 [INFO]   [cs:cs:AI] page 53: +67780 (cursor: 0/0)
01:47:28 [INFO]   [cs:cs:AI] page 54: +69080 (cursor: 0/0)
01:47:39 [INFO]   [cs:cs:AI] page 55: +70380 (cursor: 0/0)
01:47:47 [INFO]   [cs:cs:AI] page 56: +71680 (cursor: 0/0)
01:47:56 [INFO]   [cs:cs:AI] page 57: +72980 (cursor: 0/0)
01:48:06 [INFO]   [cs:cs:AI] page 58: +74280 (cursor: 0/0)
01:48:14 [INFO]   [cs:cs:AI] page 59: +75580 (cursor: 0/0)
01:48:20 [INFO]   [cs:cs:AI] page 60: +76880 (cursor: 0/0)
01:48:27 [INFO]   [cs:cs:AI] page 61: +78179 (cursor: 0/0)
01:48:37 [INFO]   [cs:cs:AI] page 62: +79479 (cursor: 0/0)
01:48:50 [INFO]   [cs:cs:AI] page 63: +80779 (cursor: 0/0)
01:48:57 [INFO]   [cs:cs:AI] page 64: +82079 (cursor: 0/0)
01:49:07 [INFO]   [cs:cs:AI] page 65: +83379 (cursor: 0/0)
01:49:15 [INFO]   [cs:cs:AI] page 66: +84679 (cursor: 0/0)
01:49:22 [INFO]   [cs:cs:AI] page 67: +85979 (cursor: 0/0)
01:49:30 [INFO]   [cs:cs:AI] page 68: +87279 (cursor: 0/0)
01:49:40 [INFO]   [cs:cs:AI] page 69: +88579 (cursor: 0/0)
01:49:48 [INFO]   [cs:cs:AI] page 70: +89879 (cursor: 0/0)
01:50:02 [INFO]   [cs:cs:AI] page 71: +91178 (cursor: 0/0)
01:50:18 [INFO]   [cs:cs:AI] page 72: +92478 (cursor: 0/0)
01:50:25 [INFO]   [cs:cs:AI] page 73: +93778 (cursor: 0/0)
01:50:37 [INFO]   [cs:cs:AI] page 74: +95078 (cursor: 0/0)
01:50:45 [INFO]   [cs:cs:AI] page 75: +96378 (cursor: 0/0)
01:50:55 [INFO]   [cs:cs:AI] page 76: +97678 (cursor: 0/0)
01:51:06 [INFO]   [cs:cs:AI] page 77: +98978 (cursor: 0/0)
01:51:14 [INFO]   [cs:cs:AI] page 78: +100278 (cursor: 0/0)
01:51:21 [INFO]   [cs:cs:AI] page 79: +101578 (cursor: 0/0)
01:51:29 [INFO]   [cs:cs:AI] page 80: +102878 (cursor: 0/0)
01:51:38 [INFO]   [cs:cs:AI] page 81: +104178 (cursor: 0/0)
01:51:46 [INFO]   [cs:cs:AI] page 82: +105478 (cursor: 0/0)
01:51:55 [INFO]   [cs:cs:AI] page 83: +106778 (cursor: 0/0)
01:52:07 [INFO]   [cs:cs:AI] page 84: +108078 (cursor: 0/0)
01:52:17 [INFO]   [cs:cs:AI] page 85: +109378 (cursor: 0/0)
01:52:29 [INFO]   [cs:cs:AI] page 86: +110678 (cursor: 0/0)
01:52:38 [INFO]   [cs:cs:AI] page 87: +111978 (cursor: 0/0)
01:52:46 [INFO]   [cs:cs:AI] page 88: +113278 (cursor: 0/0)
01:53:01 [INFO]   [cs:cs:AI] page 89: +114578 (cursor: 0/0)
01:53:07 [INFO]   [cs:cs:AI] page 90: +115878 (cursor: 0/0)
01:53:14 [INFO]   [cs:cs:AI] page 91: +117178 (cursor: 0/0)
01:53:22 [INFO]   [cs:cs:AI] page 92: +118478 (cursor: 0/0)
01:53:35 [INFO]   [cs:cs:AI] page 93: +119778 (cursor: 0/0)
01:53:45 [INFO]   [cs:cs:AI] page 94: +121078 (cursor: 0/0)
01:53:52 [INFO]   [cs:cs:AI] page 95: +122378 (cursor: 0/0)
01:53:59 [INFO]   [cs:cs:AI] page 96: +123678 (cursor: 0/0)
01:54:07 [INFO]   [cs:cs:AI] page 97: +124978 (cursor: 0/0)
01:54:15 [INFO]   [cs:cs:AI] page 98: +126278 (cursor: 0/0)
01:54:25 [INFO]   [cs:cs:AI] page 99: +127578 (cursor: 0/0)
01:54:36 [INFO]   [cs:cs:AI] page 100: +128878 (cursor: 0/0)
01:54:44 [INFO]   [cs:cs:AI] page 101: +130177 (cursor: 0/0)
01:54:54 [INFO]   [cs:cs:AI] page 102: +131477 (cursor: 0/0)
01:55:03 [INFO]   [cs:cs:AI] page 103: +132777 (cursor: 0/0)
01:55:13 [INFO]   [cs:cs:AI] page 104: +134077 (cursor: 0/0)
01:55:26 [INFO]   [cs:cs:AI] page 105: +135377 (cursor: 0/0)
01:55:34 [INFO]   [cs:cs:AI] page 106: +136677 (cursor: 0/0)
01:55:45 [INFO]   [cs:cs:AI] page 107: +137975 (cursor: 0/0)
01:55:52 [INFO]   [cs:cs:AI] page 108: +139275 (cursor: 0/0)
01:55:59 [INFO]   [cs:cs:AI] page 109: +140575 (cursor: 0/0)
01:56:06 [INFO]   [cs:cs:AI] page 110: +141875 (cursor: 0/0)
01:56:13 [INFO]   [cs:cs:AI] page 111: +143175 (cursor: 0/0)
01:56:24 [INFO]   [cs:cs:AI] page 112: +144475 (cursor: 0/0)
01:56:34 [INFO]   [cs:cs:AI] page 113: +145775 (cursor: 0/0)
01:56:48 [INFO]   [cs:cs:AI] page 114: +147075 (cursor: 0/0)
01:56:55 [INFO]   [cs:cs:AI] page 115: +148375 (cursor: 0/0)
01:57:02 [INFO]   [cs:cs:AI] page 116: +149675 (cursor: 0/0)
01:57:11 [INFO]   [cs:cs:AI] page 117: +150975 (cursor: 0/0)
01:57:18 [INFO]   [cs:cs:AI] page 118: +152275 (cursor: 0/0)
01:57:28 [INFO]   [cs:cs:AI] page 119: +153575 (cursor: 0/0)
01:57:35 [INFO]   [cs:cs:AI] page 120: +154875 (cursor: 0/0)
01:57:46 [INFO]   [cs:cs:AI] page 121: +156175 (cursor: 0/0)
01:57:53 [INFO]   [cs:cs:AI] page 122: +157475 (cursor: 0/0)
01:58:09 [INFO]   [cs:cs:AI] page 123: +158775 (cursor: 0/0)
01:58:16 [INFO]   [cs:cs:AI] page 124: +160075 (cursor: 0/0)
01:58:26 [INFO]   [cs:cs:AI] page 125: +161375 (cursor: 0/0)
01:58:37 [INFO]   [cs:cs:AI] page 126: +162675 (cursor: 0/0)
01:58:47 [INFO]   [cs:cs:AI] page 127: +163975 (cursor: 0/0)
01:58:54 [INFO]   [cs:cs:AI] page 128: +165275 (cursor: 0/0)
01:59:02 [INFO]   [cs:cs:AI] page 129: +166575 (cursor: 0/0)
01:59:11 [INFO]   [cs:cs:AI] page 130: +167875 (cursor: 0/0)
01:59:19 [INFO]   [cs:cs:AI] page 131: +169175 (cursor: 0/0)
01:59:28 [INFO]   [cs:cs:AI] page 132: +170475 (cursor: 0/0)
01:59:43 [INFO]   [cs:cs:AI] page 133: +171775 (cursor: 0/0)
01:59:51 [INFO]   [cs:cs:AI] page 134: +173075 (cursor: 0/0)
02:00:01 [INFO]   [cs:cs:AI] page 135: +174375 (cursor: 0/0)
02:00:17 [INFO]   [cs:cs:AI] page 136: +175675 (cursor: 0/0)
02:00:21 [INFO]   [cs:cs:AI] 完成: +176087 篇新论文
02:00:21 [INFO]   → 176087 篇 in 1222.8s (144/s)
02:00:21 [INFO] 
[2/11] 📥 cs:cs:LG
02:00:30 [INFO]   [cs:cs:LG] page 1: +785 (cursor: 0/0)
02:00:38 [INFO]   [cs:cs:LG] page 2: +1867 (cursor: 0/0)
02:00:47 [INFO]   [cs:cs:LG] page 3: +3045 (cursor: 0/0)
02:00:54 [INFO]   [cs:cs:LG] page 4: +4229 (cursor: 0/0)
02:01:06 [INFO]   [cs:cs:LG] page 5: +5395 (cursor: 0/0)
02:01:14 [INFO]   [cs:cs:LG] page 6: +6548 (cursor: 0/0)
02:01:24 [INFO]   [cs:cs:LG] page 7: +7628 (cursor: 0/0)
02:01:30 [INFO]   [cs:cs:LG] page 8: +8734 (cursor: 0/0)
02:01:39 [INFO]   [cs:cs:LG] page 9: +9832 (cursor: 0/0)
02:01:46 [INFO]   [cs:cs:LG] page 10: +10904 (cursor: 0/0)
02:01:53 [INFO]   [cs:cs:LG] page 11: +11935 (cursor: 0/0)
02:02:03 [INFO]   [cs:cs:LG] page 12: +12980 (cursor: 0/0)
02:02:14 [INFO]   [cs:cs:LG] page 13: +14057 (cursor: 0/0)
02:02:25 [INFO]   [cs:cs:LG] page 14: +15067 (cursor: 0/0)
02:02:39 [INFO]   [cs:cs:LG] page 15: +16119 (cursor: 0/0)
02:02:46 [INFO]   [cs:cs:LG] page 16: +17165 (cursor: 0/0)
02:02:53 [INFO]   [cs:cs:LG] page 17: +18229 (cursor: 0/0)
02:03:03 [INFO]   [cs:cs:LG] page 18: +19321 (cursor: 0/0)
02:03:14 [INFO]   [cs:cs:LG] page 19: +20394 (cursor: 0/0)
02:03:21 [INFO]   [cs:cs:LG] page 20: +21483 (cursor: 0/0)
02:03:29 [INFO]   [cs:cs:LG] page 21: +22605 (cursor: 0/0)
02:03:37 [INFO]   [cs:cs:LG] page 22: +23692 (cursor: 0/0)
02:03:46 [INFO]   [cs:cs:LG] page 23: +24814 (cursor: 0/0)
02:03:54 [INFO]   [cs:cs:LG] page 24: +25918 (cursor: 0/0)
02:04:03 [INFO]   [cs:cs:LG] page 25: +27069 (cursor: 0/0)
02:04:10 [INFO]   [cs:cs:LG] page 26: +28186 (cursor: 0/0)
02:04:20 [INFO]   [cs:cs:LG] page 27: +29332 (cursor: 0/0)
02:04:28 [INFO]   [cs:cs:LG] page 28: +30472 (cursor: 0/0)
02:04:35 [INFO]   [cs:cs:LG] page 29: +31596 (cursor: 0/0)
02:04:42 [INFO]   [cs:cs:LG] page 30: +32745 (cursor: 0/0)
02:04:50 [INFO]   [cs:cs:LG] page 31: +33868 (cursor: 0/0)
02:05:04 [INFO]   [cs:cs:LG] page 32: +35010 (cursor: 0/0)
02:05:17 [INFO]   [cs:cs:LG] page 33: +36158 (cursor: 0/0)
02:05:28 [INFO]   [cs:cs:LG] page 34: +37337 (cursor: 0/0)
02:05:37 [INFO]   [cs:cs:LG] page 35: +38484 (cursor: 0/0)
02:05:44 [INFO]   [cs:cs:LG] page 36: +39628 (cursor: 0/0)
02:05:50 [INFO]   [cs:cs:LG] page 37: +40752 (cursor: 0/0)
02:06:00 [INFO]   [cs:cs:LG] page 38: +41914 (cursor: 0/0)
02:06:09 [INFO]   [cs:cs:LG] page 39: +43063 (cursor: 0/0)
02:06:17 [INFO]   [cs:cs:LG] page 40: +44214 (cursor: 0/0)
02:06:24 [INFO]   [cs:cs:LG] page 41: +45363 (cursor: 0/0)
02:06:33 [INFO]   [cs:cs:LG] page 42: +46453 (cursor: 0/0)
02:06:42 [INFO]   [cs:cs:LG] page 43: +47541 (cursor: 0/0)
02:06:49 [INFO]   [cs:cs:LG] page 44: +48627 (cursor: 0/0)
02:06:59 [INFO]   [cs:cs:LG] page 45: +49705 (cursor: 0/0)
02:07:08 [INFO]   [cs:cs:LG] page 46: +50771 (cursor: 0/0)
02:07:16 [INFO]   [cs:cs:LG] page 47: +51814 (cursor: 0/0)
02:07:24 [INFO]   [cs:cs:LG] page 48: +52880 (cursor: 0/0)
02:07:32 [INFO]   [cs:cs:LG] page 49: +53951 (cursor: 0/0)
02:07:40 [INFO]   [cs:cs:LG] page 50: +54962 (cursor: 0/0)
02:07:51 [INFO]   [cs:cs:LG] page 51: +56021 (cursor: 0/0)
02:08:00 [INFO]   [cs:cs:LG] page 52: +57043 (cursor: 0/0)
02:08:08 [INFO]   [cs:cs:LG] page 53: +58048 (cursor: 0/0)
02:08:17 [INFO]   [cs:cs:LG] page 54: +59080 (cursor: 0/0)
02:08:25 [INFO]   [cs:cs:LG] page 55: +60123 (cursor: 0/0)
02:08:36 [INFO]   [cs:cs:LG] page 56: +61104 (cursor: 0/0)
02:08:43 [INFO]   [cs:cs:LG] page 57: +62107 (cursor: 0/0)
02:08:54 [INFO]   [cs:cs:LG] page 58: +63119 (cursor: 0/0)
02:09:02 [INFO]   [cs:cs:LG] page 59: +64117 (cursor: 0/0)
02:09:10 [INFO]   [cs:cs:LG] page 60: +65093 (cursor: 0/0)
02:09:20 [INFO]   [cs:cs:LG] page 61: +66115 (cursor: 0/0)
02:09:31 [INFO]   [cs:cs:LG] page 62: +67139 (cursor: 0/0)
02:09:40 [INFO]   [cs:cs:LG] page 63: +68145 (cursor: 0/0)
02:09:47 [INFO]   [cs:cs:LG] page 64: +69150 (cursor: 0/0)
02:09:58 [INFO]   [cs:cs:LG] page 65: +70126 (cursor: 0/0)
02:10:10 [INFO]   [cs:cs:LG] page 66: +71094 (cursor: 0/0)
02:10:23 [INFO]   [cs:cs:LG] page 67: +72076 (cursor: 0/0)
02:10:30 [INFO]   [cs:cs:LG] page 68: +73043 (cursor: 0/0)
02:10:37 [INFO]   [cs:cs:LG] page 69: +74033 (cursor: 0/0)
02:10:47 [INFO]   [cs:cs:LG] page 70: +75037 (cursor: 0/0)
02:10:56 [INFO]   [cs:cs:LG] page 71: +76010 (cursor: 0/0)
02:11:03 [INFO]   [cs:cs:LG] page 72: +76994 (cursor: 0/0)
02:11:16 [INFO]   [cs:cs:LG] page 73: +77977 (cursor: 0/0)
02:11:26 [INFO]   [cs:cs:LG] page 74: +78928 (cursor: 0/0)
02:11:36 [INFO]   [cs:cs:LG] page 75: +79872 (cursor: 0/0)
02:11:46 [INFO]   [cs:cs:LG] page 76: +80813 (cursor: 0/0)
02:11:55 [INFO]   [cs:cs:LG] page 77: +81775 (cursor: 0/0)
02:12:05 [INFO]   [cs:cs:LG] page 78: +82748 (cursor: 0/0)
02:12:12 [INFO]   [cs:cs:LG] page 79: +83677 (cursor: 0/0)
02:12:20 [INFO]   [cs:cs:LG] page 80: +84631 (cursor: 0/0)
02:12:29 [INFO]   [cs:cs:LG] page 81: +85610 (cursor: 0/0)
02:12:42 [INFO]   [cs:cs:LG] page 82: +86565 (cursor: 0/0)
02:12:50 [INFO]   [cs:cs:LG] page 83: +87495 (cursor: 0/0)
02:12:58 [INFO]   [cs:cs:LG] page 84: +88434 (cursor: 0/0)
02:13:10 [INFO]   [cs:cs:LG] page 85: +89352 (cursor: 0/0)
02:13:17 [INFO]   [cs:cs:LG] page 86: +90278 (cursor: 0/0)
02:13:27 [INFO]   [cs:cs:LG] page 87: +91227 (cursor: 0/0)
02:13:37 [INFO]   [cs:cs:LG] page 88: +92160 (cursor: 0/0)
02:13:46 [INFO]   [cs:cs:LG] page 89: +93118 (cursor: 0/0)
02:13:55 [INFO]   [cs:cs:LG] page 90: +94047 (cursor: 0/0)
02:14:05 [INFO]   [cs:cs:LG] page 91: +94996 (cursor: 0/0)
02:14:16 [INFO]   [cs:cs:LG] page 92: +95935 (cursor: 0/0)
02:14:23 [INFO]   [cs:cs:LG] page 93: +96839 (cursor: 0/0)
02:14:31 [INFO]   [cs:cs:LG] page 94: +97767 (cursor: 0/0)
02:14:43 [INFO]   [cs:cs:LG] page 95: +98693 (cursor: 0/0)
02:14:51 [INFO]   [cs:cs:LG] page 96: +99609 (cursor: 0/0)
02:15:00 [INFO]   [cs:cs:LG] page 97: +100546 (cursor: 0/0)
02:15:08 [INFO]   [cs:cs:LG] page 98: +101475 (cursor: 0/0)
02:15:15 [INFO]   [cs:cs:LG] page 99: +102369 (cursor: 0/0)
02:15:26 [INFO]   [cs:cs:LG] page 100: +103292 (cursor: 0/0)
02:15:33 [INFO]   [cs:cs:LG] page 101: +104200 (cursor: 0/0)
02:15:41 [INFO]   [cs:cs:LG] page 102: +105155 (cursor: 0/0)
02:15:57 [INFO]   [cs:cs:LG] page 103: +106062 (cursor: 0/0)
02:16:07 [INFO]   [cs:cs:LG] page 104: +106985 (cursor: 0/0)
02:16:14 [INFO]   [cs:cs:LG] page 105: +107882 (cursor: 0/0)
02:16:27 [INFO]   [cs:cs:LG] page 106: +108775 (cursor: 0/0)
02:16:36 [INFO]   [cs:cs:LG] page 107: +109674 (cursor: 0/0)
02:16:48 [INFO]   [cs:cs:LG] page 108: +110538 (cursor: 0/0)
02:16:56 [INFO]   [cs:cs:LG] page 109: +111396 (cursor: 0/0)
02:17:03 [INFO]   [cs:cs:LG] page 110: +112259 (cursor: 0/0)
02:17:11 [INFO]   [cs:cs:LG] page 111: +113173 (cursor: 0/0)
02:17:21 [INFO]   [cs:cs:LG] page 112: +114030 (cursor: 0/0)
02:17:30 [INFO]   [cs:cs:LG] page 113: +114907 (cursor: 0/0)
02:17:43 [INFO]   [cs:cs:LG] page 114: +115797 (cursor: 0/0)
02:17:51 [INFO]   [cs:cs:LG] page 115: +116703 (cursor: 0/0)
02:18:03 [INFO]   [cs:cs:LG] page 116: +117553 (cursor: 0/0)
02:18:12 [INFO]   [cs:cs:LG] page 117: +118452 (cursor: 0/0)
02:18:23 [INFO]   [cs:cs:LG] page 118: +119305 (cursor: 0/0)
02:18:31 [INFO]   [cs:cs:LG] page 119: +120169 (cursor: 0/0)
02:18:38 [WARNING]   请求失败 ListRecords: ("Connection broken: BrokenPipeError(32, 'Broken pipe')", BrokenPipeError(32, 'Broken pipe'))
02:18:45 [INFO]   [cs:cs:LG] page 120: +121015 (cursor: 0/0)
02:18:56 [INFO]   [cs:cs:LG] page 121: +121831 (cursor: 0/0)
02:19:07 [INFO]   [cs:cs:LG] page 122: +122694 (cursor: 0/0)
02:19:18 [INFO]   [cs:cs:LG] page 123: +123542 (cursor: 0/0)
02:19:30 [INFO]   [cs:cs:LG] page 124: +124408 (cursor: 0/0)
02:19:42 [INFO]   [cs:cs:LG] page 125: +125227 (cursor: 0/0)
02:19:51 [INFO]   [cs:cs:LG] page 126: +126079 (cursor: 0/0)
02:20:00 [INFO]   [cs:cs:LG] page 127: +126911 (cursor: 0/0)
02:20:09 [INFO]   [cs:cs:LG] page 128: +127773 (cursor: 0/0)
02:20:22 [INFO]   [cs:cs:LG] page 129: +128642 (cursor: 0/0)
02:20:31 [INFO]   [cs:cs:LG] page 130: +129467 (cursor: 0/0)
02:20:40 [INFO]   [cs:cs:LG] page 131: +130302 (cursor: 0/0)
02:20:49 [INFO]   [cs:cs:LG] page 132: +131136 (cursor: 0/0)
02:20:59 [INFO]   [cs:cs:LG] page 133: +131988 (cursor: 0/0)
02:21:10 [INFO]   [cs:cs:LG] page 134: +132862 (cursor: 0/0)
02:21:19 [INFO]   [cs:cs:LG] page 135: +133703 (cursor: 0/0)
02:21:28 [INFO]   [cs:cs:LG] page 136: +134538 (cursor: 0/0)
02:21:40 [INFO]   [cs:cs:LG] page 137: +135331 (cursor: 0/0)
02:21:49 [INFO]   [cs:cs:LG] page 138: +136172 (cursor: 0/0)
02:22:00 [INFO]   [cs:cs:LG] page 139: +136994 (cursor: 0/0)
02:22:15 [INFO]   [cs:cs:LG] page 140: +137813 (cursor: 0/0)
02:22:25 [INFO]   [cs:cs:LG] page 141: +138654 (cursor: 0/0)
02:22:34 [INFO]   [cs:cs:LG] page 142: +139468 (cursor: 0/0)
02:22:45 [INFO]   [cs:cs:LG] page 143: +140306 (cursor: 0/0)
02:22:56 [INFO]   [cs:cs:LG] page 144: +141160 (cursor: 0/0)
02:23:09 [INFO]   [cs:cs:LG] page 145: +142014 (cursor: 0/0)
02:23:19 [INFO]   [cs:cs:LG] page 146: +142859 (cursor: 0/0)
02:23:28 [INFO]   [cs:cs:LG] page 147: +143698 (cursor: 0/0)
02:23:36 [INFO]   [cs:cs:LG] page 148: +144475 (cursor: 0/0)
02:23:47 [INFO]   [cs:cs:LG] page 149: +145269 (cursor: 0/0)
02:24:01 [INFO]   [cs:cs:LG] page 150: +146112 (cursor: 0/0)
02:24:11 [INFO]   [cs:cs:LG] page 151: +146953 (cursor: 0/0)
02:24:20 [INFO]   [cs:cs:LG] page 152: +147806 (cursor: 0/0)
02:24:32 [INFO]   [cs:cs:LG] page 153: +148611 (cursor: 0/0)
02:24:40 [INFO]   [cs:cs:LG] page 154: +149435 (cursor: 0/0)
02:24:48 [INFO]   [cs:cs:LG] page 155: +150256 (cursor: 0/0)
02:24:58 [INFO]   [cs:cs:LG] page 156: +151097 (cursor: 0/0)
02:25:09 [INFO]   [cs:cs:LG] page 157: +151946 (cursor: 0/0)
02:25:20 [INFO]   [cs:cs:LG] page 158: +152758 (cursor: 0/0)
02:25:31 [INFO]   [cs:cs:LG] page 159: +153554 (cursor: 0/0)
02:25:40 [INFO]   [cs:cs:LG] page 160: +154348 (cursor: 0/0)
02:25:50 [INFO]   [cs:cs:LG] page 161: +155177 (cursor: 0/0)
02:26:00 [INFO]   [cs:cs:LG] page 162: +156011 (cursor: 0/0)
02:26:10 [INFO]   [cs:cs:LG] page 163: +156845 (cursor: 0/0)
02:26:24 [INFO]   [cs:cs:LG] page 164: +157664 (cursor: 0/0)
02:26:37 [INFO]   [cs:cs:LG] page 165: +158479 (cursor: 0/0)
02:26:48 [INFO]   [cs:cs:LG] page 166: +159319 (cursor: 0/0)
02:26:59 [INFO]   [cs:cs:LG] page 167: +160102 (cursor: 0/0)
02:27:11 [INFO]   [cs:cs:LG] page 168: +160941 (cursor: 0/0)
02:27:23 [INFO]   [cs:cs:LG] page 169: +161813 (cursor: 0/0)
02:27:33 [INFO]   [cs:cs:LG] page 170: +162654 (cursor: 0/0)
02:27:46 [INFO]   [cs:cs:LG] page 171: +163472 (cursor: 0/0)
02:27:56 [INFO]   [cs:cs:LG] page 172: +164265 (cursor: 0/0)
02:28:09 [INFO]   [cs:cs:LG] page 173: +165038 (cursor: 0/0)
02:28:21 [INFO]   [cs:cs:LG] page 174: +165848 (cursor: 0/0)
02:28:34 [INFO]   [cs:cs:LG] page 175: +166659 (cursor: 0/0)
02:28:48 [INFO]   [cs:cs:LG] page 176: +167465 (cursor: 0/0)
02:29:02 [INFO]   [cs:cs:LG] page 177: +168267 (cursor: 0/0)
02:29:12 [INFO]   [cs:cs:LG] page 178: +169103 (cursor: 0/0)
02:29:26 [INFO]   [cs:cs:LG] page 179: +169915 (cursor: 0/0)
02:29:36 [INFO]   [cs:cs:LG] page 180: +170743 (cursor: 0/0)
02:29:48 [INFO]   [cs:cs:LG] page 181: +171560 (cursor: 0/0)
02:29:57 [INFO]   [cs:cs:LG] page 182: +172402 (cursor: 0/0)
02:30:06 [INFO]   [cs:cs:LG] page 183: +173236 (cursor: 0/0)
02:30:18 [INFO]   [cs:cs:LG] page 184: +174061 (cursor: 0/0)
02:30:28 [INFO]   [cs:cs:LG] page 185: +174870 (cursor: 0/0)
02:30:37 [INFO]   [cs:cs:LG] page 186: +175685 (cursor: 0/0)
02:30:48 [INFO]   [cs:cs:LG] page 187: +176525 (cursor: 0/0)
02:31:01 [INFO]   [cs:cs:LG] page 188: +177274 (cursor: 0/0)
02:31:17 [INFO]   [cs:cs:LG] page 189: +178078 (cursor: 0/0)
02:31:26 [INFO]   [cs:cs:LG] page 190: +178906 (cursor: 0/0)
02:31:38 [INFO]   [cs:cs:LG] page 191: +179721 (cursor: 0/0)
02:31:51 [INFO]   [cs:cs:LG] page 192: +180542 (cursor: 0/0)
02:32:01 [INFO]   [cs:cs:LG] page 193: +181336 (cursor: 0/0)
02:32:09 [INFO]   [cs:cs:LG] page 194: +182136 (cursor: 0/0)
02:32:20 [INFO]   [cs:cs:LG] page 195: +182937 (cursor: 0/0)
02:32:30 [INFO]   [cs:cs:LG] page 196: +183761 (cursor: 0/0)
02:32:42 [INFO]   [cs:cs:LG] page 197: +184617 (cursor: 0/0)
02:32:53 [INFO]   [cs:cs:LG] page 198: +185499 (cursor: 0/0)
02:33:05 [INFO]   [cs:cs:LG] page 199: +186297 (cursor: 0/0)
02:33:21 [INFO]   [cs:cs:LG] page 200: +187096 (cursor: 0/0)
02:33:31 [INFO]   [cs:cs:LG] page 201: +187908 (cursor: 0/0)
02:33:42 [INFO]   [cs:cs:LG] page 202: +188739 (cursor: 0/0)
02:33:53 [INFO]   [cs:cs:LG] page 203: +189569 (cursor: 0/0)
02:34:01 [INFO]   [cs:cs:LG] page 204: +190362 (cursor: 0/0)
02:34:08 [INFO]   [cs:cs:LG] 完成: +190856 篇新论文
02:34:08 [INFO]   → 190856 篇 in 2027.0s (94/s)
02:34:08 [INFO] 
[3/11] 📥 cs:cs:NA
02:34:14 [INFO]   [cs:cs:NA] page 1: +870 (cursor: 0/0)
02:34:22 [INFO]   [cs:cs:NA] page 2: +2135 (cursor: 0/0)
02:34:28 [INFO]   [cs:cs:NA] page 3: +3378 (cursor: 0/0)
02:34:34 [INFO]   [cs:cs:NA] page 4: +4632 (cursor: 0/0)
02:34:40 [INFO]   [cs:cs:NA] page 5: +5893 (cursor: 0/0)
02:34:47 [INFO]   [cs:cs:NA] page 6: +7142 (cursor: 0/0)
02:34:54 [INFO]   [cs:cs:NA] page 7: +8408 (cursor: 0/0)
02:35:03 [INFO]   [cs:cs:NA] page 8: +9639 (cursor: 0/0)
02:35:12 [INFO]   [cs:cs:NA] page 9: +10885 (cursor: 0/0)
02:35:19 [INFO]   [cs:cs:NA] page 10: +12142 (cursor: 0/0)
02:35:27 [INFO]   [cs:cs:NA] page 11: +13406 (cursor: 0/0)
02:35:37 [INFO]   [cs:cs:NA] page 12: +14659 (cursor: 0/0)
02:35:45 [INFO]   [cs:cs:NA] page 13: +15896 (cursor: 0/0)
02:35:51 [INFO]   [cs:cs:NA] page 14: +17127 (cursor: 0/0)
02:35:59 [INFO]   [cs:cs:NA] page 15: +18350 (cursor: 0/0)
02:36:06 [INFO]   [cs:cs:NA] page 16: +19563 (cursor: 0/0)
02:36:13 [INFO]   [cs:cs:NA] page 17: +20759 (cursor: 0/0)
02:36:21 [INFO]   [cs:cs:NA] page 18: +21953 (cursor: 0/0)
02:36:28 [INFO]   [cs:cs:NA] page 19: +23140 (cursor: 0/0)
02:36:35 [INFO]   [cs:cs:NA] page 20: +24316 (cursor: 0/0)
02:36:41 [INFO]   [cs:cs:NA] page 21: +25497 (cursor: 0/0)
02:36:51 [INFO]   [cs:cs:NA] page 22: +26666 (cursor: 0/0)
02:36:57 [INFO]   [cs:cs:NA] page 23: +27803 (cursor: 0/0)
02:37:05 [INFO]   [cs:cs:NA] page 24: +28957 (cursor: 0/0)
02:37:11 [INFO]   [cs:cs:NA] page 25: +30112 (cursor: 0/0)
02:37:19 [INFO]   [cs:cs:NA] page 26: +31220 (cursor: 0/0)
02:37:27 [INFO]   [cs:cs:NA] page 27: +32380 (cursor: 0/0)
02:37:33 [INFO]   [cs:cs:NA] page 28: +33505 (cursor: 0/0)
02:37:40 [INFO]   [cs:cs:NA] page 29: +34641 (cursor: 0/0)
02:37:47 [INFO]   [cs:cs:NA] page 30: +35765 (cursor: 0/0)
02:37:54 [INFO]   [cs:cs:NA] page 31: +36900 (cursor: 0/0)
02:38:00 [INFO]   [cs:cs:NA] page 32: +38045 (cursor: 0/0)
02:38:07 [INFO]   [cs:cs:NA] page 33: +39173 (cursor: 0/0)
02:38:14 [INFO]   [cs:cs:NA] page 34: +40027 (cursor: 0/0)
02:38:20 [INFO]   [cs:cs:NA] page 35: +41002 (cursor: 0/0)
02:38:26 [INFO]   [cs:cs:NA] page 36: +42132 (cursor: 0/0)
02:38:40 [INFO]   [cs:cs:NA] page 37: +43257 (cursor: 0/0)
02:38:45 [INFO]   [cs:cs:NA] 完成: +44143 篇新论文
02:38:45 [INFO]   → 44143 篇 in 276.8s (159/s)
02:38:45 [INFO] 
[4/11] 📥 cs:cs:NE
02:38:54 [INFO]   [cs:cs:NE] page 1: +705 (cursor: 0/0)
02:39:00 [INFO]   [cs:cs:NE] page 2: +1298 (cursor: 0/0)
02:39:08 [INFO]   [cs:cs:NE] page 3: +1848 (cursor: 0/0)
02:39:19 [INFO]   [cs:cs:NE] page 4: +2411 (cursor: 0/0)
02:39:26 [INFO]   [cs:cs:NE] page 5: +2896 (cursor: 0/0)
02:39:36 [INFO]   [cs:cs:NE] page 6: +3376 (cursor: 0/0)
02:39:43 [INFO]   [cs:cs:NE] page 7: +3837 (cursor: 0/0)
02:39:49 [INFO]   [cs:cs:NE] page 8: +4294 (cursor: 0/0)
02:39:55 [INFO]   [cs:cs:NE] page 9: +4734 (cursor: 0/0)
02:40:03 [INFO]   [cs:cs:NE] page 10: +5178 (cursor: 0/0)
02:40:11 [INFO]   [cs:cs:NE] page 11: +5633 (cursor: 0/0)
02:40:16 [INFO]   [cs:cs:NE] page 12: +6119 (cursor: 0/0)
02:40:24 [INFO]   [cs:cs:NE] page 13: +6635 (cursor: 0/0)
02:40:29 [INFO]   [cs:cs:NE] 完成: +6914 篇新论文
02:40:29 [INFO]   → 6914 篇 in 104.2s (66/s)
02:40:29 [INFO] 
[5/11] 📥 cs:cs:CV
02:40:36 [INFO]   [cs:cs:CV] page 1: +867 (cursor: 0/0)
02:40:46 [INFO]   [cs:cs:CV] page 2: +1881 (cursor: 0/0)
02:40:55 [INFO]   [cs:cs:CV] page 3: +2901 (cursor: 0/0)
02:40:59 [INFO]   [cs:cs:CV] page 4: +3932 (cursor: 0/0)
02:41:08 [INFO]   [cs:cs:CV] page 5: +4932 (cursor: 0/0)
02:41:18 [INFO]   [cs:cs:CV] page 6: +5990 (cursor: 0/0)
02:41:26 [INFO]   [cs:cs:CV] page 7: +7017 (cursor: 0/0)
02:41:34 [INFO]   [cs:cs:CV] page 8: +8103 (cursor: 0/0)
02:41:44 [INFO]   [cs:cs:CV] page 9: +9197 (cursor: 0/0)
02:41:57 [INFO]   [cs:cs:CV] page 10: +10219 (cursor: 0/0)
02:42:10 [INFO]   [cs:cs:CV] page 11: +11255 (cursor: 0/0)
02:42:19 [INFO]   [cs:cs:CV] page 12: +12329 (cursor: 0/0)
02:42:28 [INFO]   [cs:cs:CV] page 13: +13346 (cursor: 0/0)
02:42:37 [INFO]   [cs:cs:CV] page 14: +14386 (cursor: 0/0)
02:42:44 [INFO]   [cs:cs:CV] page 15: +15332 (cursor: 0/0)
02:42:53 [INFO]   [cs:cs:CV] page 16: +16292 (cursor: 0/0)
02:43:03 [INFO]   [cs:cs:CV] page 17: +17219 (cursor: 0/0)
02:43:13 [INFO]   [cs:cs:CV] page 18: +18193 (cursor: 0/0)
02:43:24 [INFO]   [cs:cs:CV] page 19: +19102 (cursor: 0/0)
02:43:32 [INFO]   [cs:cs:CV] page 20: +19931 (cursor: 0/0)
02:43:41 [INFO]   [cs:cs:CV] page 21: +20839 (cursor: 0/0)
02:43:49 [INFO]   [cs:cs:CV] page 22: +21755 (cursor: 0/0)
02:43:59 [INFO]   [cs:cs:CV] page 23: +22565 (cursor: 0/0)
02:44:07 [INFO]   [cs:cs:CV] page 24: +23376 (cursor: 0/0)
02:44:16 [INFO]   [cs:cs:CV] page 25: +24226 (cursor: 0/0)
02:44:24 [INFO]   [cs:cs:CV] page 26: +25045 (cursor: 0/0)
02:44:33 [INFO]   [cs:cs:CV] page 27: +25882 (cursor: 0/0)
02:44:41 [INFO]   [cs:cs:CV] page 28: +26711 (cursor: 0/0)
02:44:51 [INFO]   [cs:cs:CV] page 29: +27483 (cursor: 0/0)
02:44:59 [INFO]   [cs:cs:CV] page 30: +28306 (cursor: 0/0)
02:45:07 [INFO]   [cs:cs:CV] page 31: +29157 (cursor: 0/0)
02:45:17 [INFO]   [cs:cs:CV] page 32: +29992 (cursor: 0/0)
02:45:25 [INFO]   [cs:cs:CV] page 33: +30745 (cursor: 0/0)
02:45:33 [INFO]   [cs:cs:CV] page 34: +31531 (cursor: 0/0)
02:45:44 [INFO]   [cs:cs:CV] page 35: +32316 (cursor: 0/0)
02:45:53 [INFO]   [cs:cs:CV] page 36: +33092 (cursor: 0/0)
02:46:05 [INFO]   [cs:cs:CV] page 37: +33879 (cursor: 0/0)
02:46:15 [INFO]   [cs:cs:CV] page 38: +34729 (cursor: 0/0)
02:46:30 [INFO]   [cs:cs:CV] page 39: +35581 (cursor: 0/0)
02:46:39 [INFO]   [cs:cs:CV] page 40: +36406 (cursor: 0/0)
02:46:46 [INFO]   [cs:cs:CV] page 41: +37180 (cursor: 0/0)
02:46:54 [INFO]   [cs:cs:CV] page 42: +37970 (cursor: 0/0)
02:47:04 [INFO]   [cs:cs:CV] page 43: +38822 (cursor: 0/0)
02:47:12 [INFO]   [cs:cs:CV] page 44: +39700 (cursor: 0/0)
02:47:20 [INFO]   [cs:cs:CV] page 45: +40461 (cursor: 0/0)
02:47:30 [INFO]   [cs:cs:CV] page 46: +41226 (cursor: 0/0)
02:47:40 [INFO]   [cs:cs:CV] page 47: +41980 (cursor: 0/0)
02:47:50 [INFO]   [cs:cs:CV] page 48: +42788 (cursor: 0/0)
02:47:57 [INFO]   [cs:cs:CV] page 49: +43563 (cursor: 0/0)
02:48:09 [INFO]   [cs:cs:CV] page 50: +44326 (cursor: 0/0)
02:48:20 [INFO]   [cs:cs:CV] page 51: +45165 (cursor: 0/0)
02:48:31 [INFO]   [cs:cs:CV] page 52: +46011 (cursor: 0/0)
02:48:40 [INFO]   [cs:cs:CV] page 53: +46851 (cursor: 0/0)
02:48:50 [INFO]   [cs:cs:CV] page 54: +47619 (cursor: 0/0)
02:49:00 [INFO]   [cs:cs:CV] page 55: +48379 (cursor: 0/0)
02:49:08 [INFO]   [cs:cs:CV] page 56: +49235 (cursor: 0/0)
02:49:17 [INFO]   [cs:cs:CV] page 57: +50083 (cursor: 0/0)
02:49:27 [INFO]   [cs:cs:CV] page 58: +50950 (cursor: 0/0)
02:49:39 [INFO]   [cs:cs:CV] page 59: +51777 (cursor: 0/0)
02:49:47 [INFO]   [cs:cs:CV] page 60: +52568 (cursor: 0/0)
02:49:54 [INFO]   [cs:cs:CV] page 61: +53371 (cursor: 0/0)
02:50:04 [INFO]   [cs:cs:CV] page 62: +54201 (cursor: 0/0)
02:50:15 [INFO]   [cs:cs:CV] page 63: +54998 (cursor: 0/0)
02:50:23 [INFO]   [cs:cs:CV] page 64: +55768 (cursor: 0/0)
02:50:33 [INFO]   [cs:cs:CV] page 65: +56567 (cursor: 0/0)
02:50:45 [INFO]   [cs:cs:CV] page 66: +57445 (cursor: 0/0)
02:50:55 [INFO]   [cs:cs:CV] page 67: +58322 (cursor: 0/0)
02:51:04 [INFO]   [cs:cs:CV] page 68: +59161 (cursor: 0/0)
02:51:11 [INFO]   [cs:cs:CV] page 69: +59990 (cursor: 0/0)
02:51:24 [INFO]   [cs:cs:CV] page 70: +60738 (cursor: 0/0)
02:51:35 [INFO]   [cs:cs:CV] page 71: +61536 (cursor: 0/0)
02:51:42 [INFO]   [cs:cs:CV] page 72: +62362 (cursor: 0/0)
02:51:48 [WARNING]   请求失败 ListRecords: ("Connection broken: BrokenPipeError(32, 'Broken pipe')", BrokenPipeError(32, 'Broken pipe'))
02:51:53 [INFO]   [cs:cs:CV] page 73: +63212 (cursor: 0/0)
02:52:01 [INFO]   [cs:cs:CV] page 74: +64075 (cursor: 0/0)
02:52:16 [INFO]   [cs:cs:CV] page 75: +64955 (cursor: 0/0)
02:52:25 [INFO]   [cs:cs:CV] page 76: +65764 (cursor: 0/0)
02:52:32 [INFO]   [cs:cs:CV] page 77: +66533 (cursor: 0/0)
02:52:42 [INFO]   [cs:cs:CV] page 78: +67305 (cursor: 0/0)
02:52:56 [INFO]   [cs:cs:CV] page 79: +68118 (cursor: 0/0)
02:53:02 [INFO]   [cs:cs:CV] page 80: +68941 (cursor: 0/0)
02:53:09 [INFO]   [cs:cs:CV] page 81: +69782 (cursor: 0/0)
02:53:20 [INFO]   [cs:cs:CV] page 82: +70594 (cursor: 0/0)
02:53:28 [INFO]   [cs:cs:CV] page 83: +71372 (cursor: 0/0)
02:53:35 [INFO]   [cs:cs:CV] page 84: +72197 (cursor: 0/0)
02:53:42 [INFO]   [cs:cs:CV] page 85: +73063 (cursor: 0/0)
02:53:51 [INFO]   [cs:cs:CV] page 86: +73954 (cursor: 0/0)
02:53:57 [INFO]   [cs:cs:CV] page 87: +74758 (cursor: 0/0)
02:54:05 [INFO]   [cs:cs:CV] page 88: +75584 (cursor: 0/0)
02:54:13 [INFO]   [cs:cs:CV] page 89: +76395 (cursor: 0/0)
02:54:22 [INFO]   [cs:cs:CV] page 90: +77149 (cursor: 0/0)
02:54:29 [INFO]   [cs:cs:CV] page 91: +77983 (cursor: 0/0)
02:54:38 [INFO]   [cs:cs:CV] page 92: +78849 (cursor: 0/0)
02:54:47 [INFO]   [cs:cs:CV] page 93: +79743 (cursor: 0/0)
02:54:56 [INFO]   [cs:cs:CV] page 94: +80590 (cursor: 0/0)
02:55:05 [INFO]   [cs:cs:CV] page 95: +81429 (cursor: 0/0)
02:55:14 [INFO]   [cs:cs:CV] page 96: +82288 (cursor: 0/0)
02:55:21 [INFO]   [cs:cs:CV] page 97: +83121 (cursor: 0/0)
02:55:28 [INFO]   [cs:cs:CV] page 98: +83912 (cursor: 0/0)
02:55:35 [INFO]   [cs:cs:CV] page 99: +84687 (cursor: 0/0)
02:55:42 [INFO]   [cs:cs:CV] page 100: +85451 (cursor: 0/0)
02:55:51 [INFO]   [cs:cs:CV] page 101: +86237 (cursor: 0/0)
02:56:00 [INFO]   [cs:cs:CV] page 102: +87030 (cursor: 0/0)
02:56:07 [INFO]   [cs:cs:CV] page 103: +87847 (cursor: 0/0)
02:56:19 [INFO]   [cs:cs:CV] page 104: +88634 (cursor: 0/0)
02:56:26 [INFO]   [cs:cs:CV] page 105: +89386 (cursor: 0/0)
02:56:35 [INFO]   [cs:cs:CV] page 106: +90147 (cursor: 0/0)
02:56:43 [INFO]   [cs:cs:CV] page 107: +90938 (cursor: 0/0)
02:56:51 [INFO]   [cs:cs:CV] page 108: +91784 (cursor: 0/0)
02:57:01 [INFO]   [cs:cs:CV] page 109: +92648 (cursor: 0/0)
02:57:11 [INFO]   [cs:cs:CV] page 110: +93530 (cursor: 0/0)
02:57:24 [INFO]   [cs:cs:CV] page 111: +94374 (cursor: 0/0)
02:57:31 [INFO]   [cs:cs:CV] page 112: +95189 (cursor: 0/0)
02:57:43 [INFO]   [cs:cs:CV] page 113: +96019 (cursor: 0/0)
02:57:55 [INFO]   [cs:cs:CV] page 114: +96799 (cursor: 0/0)
02:58:06 [INFO]   [cs:cs:CV] page 115: +97611 (cursor: 0/0)
02:58:13 [INFO]   [cs:cs:CV] page 116: +98404 (cursor: 0/0)
02:58:19 [INFO]   [cs:cs:CV] page 117: +99238 (cursor: 0/0)
02:58:34 [INFO]   [cs:cs:CV] page 118: +100060 (cursor: 0/0)
02:58:42 [INFO]   [cs:cs:CV] page 119: +100874 (cursor: 0/0)
02:58:49 [INFO]   [cs:cs:CV] page 120: +101763 (cursor: 0/0)
02:58:58 [INFO]   [cs:cs:CV] page 121: +102630 (cursor: 0/0)
02:59:06 [INFO]   [cs:cs:CV] page 122: +103476 (cursor: 0/0)
02:59:19 [INFO]   [cs:cs:CV] page 123: +104278 (cursor: 0/0)
02:59:28 [INFO]   [cs:cs:CV] page 124: +105106 (cursor: 0/0)
02:59:35 [INFO]   [cs:cs:CV] page 125: +105863 (cursor: 0/0)
02:59:43 [INFO]   [cs:cs:CV] page 126: +106659 (cursor: 0/0)
02:59:50 [INFO]   [cs:cs:CV] page 127: +107437 (cursor: 0/0)
03:00:00 [INFO]   [cs:cs:CV] page 128: +108275 (cursor: 0/0)
03:00:09 [INFO]   [cs:cs:CV] page 129: +109084 (cursor: 0/0)
03:00:17 [INFO]   [cs:cs:CV] page 130: +109941 (cursor: 0/0)
03:00:29 [INFO]   [cs:cs:CV] page 131: +110790 (cursor: 0/0)
03:00:36 [INFO]   [cs:cs:CV] page 132: +111664 (cursor: 0/0)
03:00:44 [INFO]   [cs:cs:CV] page 133: +112516 (cursor: 0/0)
03:00:53 [INFO]   [cs:cs:CV] page 134: +113342 (cursor: 0/0)
03:01:01 [INFO]   [cs:cs:CV] page 135: +114189 (cursor: 0/0)
03:01:08 [INFO]   [cs:cs:CV] page 136: +115007 (cursor: 0/0)
03:01:18 [INFO]   [cs:cs:CV] page 137: +115773 (cursor: 0/0)
03:01:25 [INFO]   [cs:cs:CV] page 138: +116606 (cursor: 0/0)
03:01:37 [INFO]   [cs:cs:CV] page 139: +117439 (cursor: 0/0)
03:01:44 [INFO]   [cs:cs:CV] page 140: +118272 (cursor: 0/0)
03:01:52 [INFO]   [cs:cs:CV] page 141: +119135 (cursor: 0/0)
03:01:59 [INFO]   [cs:cs:CV] page 142: +119997 (cursor: 0/0)
03:02:08 [INFO]   [cs:cs:CV] page 143: +120865 (cursor: 0/0)
03:02:15 [INFO]   [cs:cs:CV] page 144: +121699 (cursor: 0/0)
03:02:24 [INFO]   [cs:cs:CV] page 145: +122527 (cursor: 0/0)
03:02:31 [INFO]   [cs:cs:CV] page 146: +123379 (cursor: 0/0)
03:02:38 [INFO]   [cs:cs:CV] page 147: +124167 (cursor: 0/0)
03:02:46 [INFO]   [cs:cs:CV] 完成: +124513 篇新论文
03:02:46 [INFO]   → 124513 篇 in 1336.9s (93/s)
03:02:46 [INFO] 
[6/11] 📥 cs:cs:CL
03:02:50 [INFO]   [cs:cs:CL] page 1: +39 (cursor: 0/0)
03:02:56 [INFO]   [cs:cs:CL] page 2: +993 (cursor: 0/0)
03:03:03 [INFO]   [cs:cs:CL] page 3: +1766 (cursor: 0/0)
03:03:09 [INFO]   [cs:cs:CL] page 4: +2563 (cursor: 0/0)
03:03:14 [INFO]   [cs:cs:CL] page 5: +3438 (cursor: 0/0)
03:03:19 [INFO]   [cs:cs:CL] page 6: +4314 (cursor: 0/0)
03:03:25 [INFO]   [cs:cs:CL] page 7: +5209 (cursor: 0/0)
03:03:30 [INFO]   [cs:cs:CL] page 8: +6044 (cursor: 0/0)
03:03:38 [INFO]   [cs:cs:CL] page 9: +6795 (cursor: 0/0)
03:03:46 [INFO]   [cs:cs:CL] page 10: +7541 (cursor: 0/0)
03:03:52 [INFO]   [cs:cs:CL] page 11: +8260 (cursor: 0/0)
03:03:58 [INFO]   [cs:cs:CL] page 12: +8909 (cursor: 0/0)
03:04:03 [INFO]   [cs:cs:CL] page 13: +9581 (cursor: 0/0)
03:04:09 [INFO]   [cs:cs:CL] page 14: +10301 (cursor: 0/0)
03:04:15 [INFO]   [cs:cs:CL] page 15: +10984 (cursor: 0/0)
03:04:20 [INFO]   [cs:cs:CL] page 16: +11715 (cursor: 0/0)
03:04:29 [INFO]   [cs:cs:CL] page 17: +12428 (cursor: 0/0)
03:04:36 [INFO]   [cs:cs:CL] page 18: +13147 (cursor: 0/0)
03:04:42 [INFO]   [cs:cs:CL] page 19: +13896 (cursor: 0/0)
03:04:47 [INFO]   [cs:cs:CL] page 20: +14648 (cursor: 0/0)
03:04:57 [INFO]   [cs:cs:CL] page 21: +15347 (cursor: 0/0)
03:05:06 [INFO]   [cs:cs:CL] page 22: +16108 (cursor: 0/0)
03:05:12 [INFO]   [cs:cs:CL] page 23: +16723 (cursor: 0/0)
03:05:18 [INFO]   [cs:cs:CL] page 24: +17376 (cursor: 0/0)
03:05:28 [INFO]   [cs:cs:CL] page 25: +18090 (cursor: 0/0)
03:05:37 [INFO]   [cs:cs:CL] page 26: +18774 (cursor: 0/0)
03:05:43 [INFO]   [cs:cs:CL] page 27: +19463 (cursor: 0/0)
03:05:52 [INFO]   [cs:cs:CL] page 28: +20173 (cursor: 0/0)
03:05:58 [INFO]   [cs:cs:CL] page 29: +20889 (cursor: 0/0)
03:06:04 [INFO]   [cs:cs:CL] page 30: +21520 (cursor: 0/0)
03:06:12 [INFO]   [cs:cs:CL] page 31: +22142 (cursor: 0/0)
03:06:18 [INFO]   [cs:cs:CL] page 32: +22786 (cursor: 0/0)
03:06:25 [INFO]   [cs:cs:CL] page 33: +23499 (cursor: 0/0)
03:06:35 [INFO]   [cs:cs:CL] page 34: +24144 (cursor: 0/0)
03:06:42 [INFO]   [cs:cs:CL] page 35: +24738 (cursor: 0/0)
03:06:48 [INFO]   [cs:cs:CL] page 36: +25322 (cursor: 0/0)
03:06:56 [INFO]   [cs:cs:CL] page 37: +25967 (cursor: 0/0)
03:07:07 [INFO]   [cs:cs:CL] page 38: +26563 (cursor: 0/0)
03:07:14 [INFO]   [cs:cs:CL] page 39: +27097 (cursor: 0/0)
03:07:20 [INFO]   [cs:cs:CL] page 40: +27674 (cursor: 0/0)
03:07:31 [INFO]   [cs:cs:CL] page 41: +28229 (cursor: 0/0)
03:07:39 [INFO]   [cs:cs:CL] page 42: +28805 (cursor: 0/0)
03:07:45 [INFO]   [cs:cs:CL] page 43: +29378 (cursor: 0/0)
03:07:58 [INFO]   [cs:cs:CL] page 44: +29881 (cursor: 0/0)
03:08:06 [INFO]   [cs:cs:CL] page 45: +30401 (cursor: 0/0)
03:08:13 [INFO]   [cs:cs:CL] page 46: +30968 (cursor: 0/0)
03:08:23 [INFO]   [cs:cs:CL] page 47: +31500 (cursor: 0/0)
03:08:31 [INFO]   [cs:cs:CL] page 48: +31999 (cursor: 0/0)
03:08:37 [INFO]   [cs:cs:CL] page 49: +32536 (cursor: 0/0)
03:08:44 [INFO]   [cs:cs:CL] page 50: +33154 (cursor: 0/0)
03:08:51 [INFO]   [cs:cs:CL] page 51: +33667 (cursor: 0/0)
03:09:00 [INFO]   [cs:cs:CL] page 52: +34142 (cursor: 0/0)
03:09:08 [INFO]   [cs:cs:CL] page 53: +34649 (cursor: 0/0)
03:09:15 [INFO]   [cs:cs:CL] page 54: +35173 (cursor: 0/0)
03:09:22 [INFO]   [cs:cs:CL] page 55: +35692 (cursor: 0/0)
03:09:31 [INFO]   [cs:cs:CL] page 56: +36213 (cursor: 0/0)
03:09:39 [INFO]   [cs:cs:CL] page 57: +36753 (cursor: 0/0)
03:09:46 [INFO]   [cs:cs:CL] page 58: +37266 (cursor: 0/0)
03:09:52 [INFO]   [cs:cs:CL] page 59: +37795 (cursor: 0/0)
03:10:03 [INFO]   [cs:cs:CL] page 60: +38346 (cursor: 0/0)
03:10:09 [INFO]   [cs:cs:CL] page 61: +38910 (cursor: 0/0)
03:10:16 [INFO]   [cs:cs:CL] page 62: +39478 (cursor: 0/0)
03:10:23 [INFO]   [cs:cs:CL] page 63: +39993 (cursor: 0/0)
03:10:35 [INFO]   [cs:cs:CL] page 64: +40534 (cursor: 0/0)
03:10:41 [INFO]   [cs:cs:CL] page 65: +41087 (cursor: 0/0)
03:10:49 [INFO]   [cs:cs:CL] page 66: +41631 (cursor: 0/0)
03:10:57 [INFO]   [cs:cs:CL] page 67: +42222 (cursor: 0/0)
03:11:06 [INFO]   [cs:cs:CL] page 68: +42751 (cursor: 0/0)
03:11:14 [INFO]   [cs:cs:CL] page 69: +43258 (cursor: 0/0)
03:11:23 [INFO]   [cs:cs:CL] page 70: +43719 (cursor: 0/0)
03:11:32 [INFO]   [cs:cs:CL] page 71: +44293 (cursor: 0/0)
03:11:39 [INFO]   [cs:cs:CL] page 72: +44830 (cursor: 0/0)
03:11:54 [INFO]   [cs:cs:CL] page 73: +45351 (cursor: 0/0)
03:12:02 [INFO]   [cs:cs:CL] page 74: +45914 (cursor: 0/0)
03:12:11 [INFO]   [cs:cs:CL] page 75: +46441 (cursor: 0/0)
03:12:18 [INFO]   [cs:cs:CL] page 76: +46984 (cursor: 0/0)
03:12:26 [INFO]   [cs:cs:CL] page 77: +47497 (cursor: 0/0)
03:12:32 [INFO]   [cs:cs:CL] page 78: +47972 (cursor: 0/0)
03:12:39 [INFO]   [cs:cs:CL] page 79: +48506 (cursor: 0/0)
03:12:46 [INFO]   [cs:cs:CL] page 80: +49043 (cursor: 0/0)
03:12:53 [INFO]   [cs:cs:CL] page 81: +49557 (cursor: 0/0)
03:13:00 [INFO]   [cs:cs:CL] page 82: +50110 (cursor: 0/0)
03:13:08 [INFO]   [cs:cs:CL] page 83: +50668 (cursor: 0/0)
03:13:13 [INFO]   [cs:cs:CL] 完成: +50988 篇新论文
03:13:13 [INFO]   → 50988 篇 in 626.6s (81/s)
03:13:13 [INFO] 
[7/11] 📥 math:math:AP
03:13:17 [INFO]   [math:math:AP] page 1: +0 (cursor: 0/0)
03:13:21 [INFO]   [math:math:AP] page 2: +345 (cursor: 0/0)
03:13:25 [INFO]   [math:math:AP] page 3: +1454 (cursor: 0/0)
03:13:30 [INFO]   [math:math:AP] page 4: +2437 (cursor: 0/0)
03:13:33 [INFO]   [math:math:AP] page 5: +3632 (cursor: 0/0)
03:13:38 [INFO]   [math:math:AP] page 6: +4834 (cursor: 0/0)
03:13:42 [INFO]   [math:math:AP] page 7: +6063 (cursor: 0/0)
03:13:46 [INFO]   [math:math:AP] page 8: +7302 (cursor: 0/0)
03:13:51 [INFO]   [math:math:AP] page 9: +8548 (cursor: 0/0)
03:13:55 [INFO]   [math:math:AP] page 10: +9784 (cursor: 0/0)
03:13:59 [INFO]   [math:math:AP] page 11: +11035 (cursor: 0/0)
03:14:03 [INFO]   [math:math:AP] page 12: +12290 (cursor: 0/0)
03:14:08 [INFO]   [math:math:AP] page 13: +13545 (cursor: 0/0)
03:14:12 [INFO]   [math:math:AP] page 14: +14716 (cursor: 0/0)
03:14:16 [INFO]   [math:math:AP] page 15: +15963 (cursor: 0/0)
03:14:20 [INFO]   [math:math:AP] page 16: +17195 (cursor: 0/0)
03:14:25 [INFO]   [math:math:AP] page 17: +18321 (cursor: 0/0)
03:14:29 [INFO]   [math:math:AP] page 18: +19570 (cursor: 0/0)
03:14:34 [INFO]   [math:math:AP] page 19: +20833 (cursor: 0/0)
03:14:40 [INFO]   [math:math:AP] page 20: +22088 (cursor: 0/0)
03:14:44 [INFO]   [math:math:AP] page 21: +23338 (cursor: 0/0)
03:14:50 [INFO]   [math:math:AP] page 22: +24597 (cursor: 0/0)
03:14:56 [INFO]   [math:math:AP] page 23: +25837 (cursor: 0/0)
03:15:02 [INFO]   [math:math:AP] page 24: +27086 (cursor: 0/0)
03:15:06 [INFO]   [math:math:AP] page 25: +28338 (cursor: 0/0)
03:15:11 [INFO]   [math:math:AP] page 26: +29572 (cursor: 0/0)
03:15:15 [INFO]   [math:math:AP] page 27: +30804 (cursor: 0/0)
03:15:19 [INFO]   [math:math:AP] page 28: +32017 (cursor: 0/0)
03:15:24 [INFO]   [math:math:AP] page 29: +33253 (cursor: 0/0)
03:15:29 [INFO]   [math:math:AP] page 30: +34483 (cursor: 0/0)
03:15:34 [INFO]   [math:math:AP] page 31: +35708 (cursor: 0/0)
03:15:38 [INFO]   [math:math:AP] page 32: +36936 (cursor: 0/0)
03:15:44 [INFO]   [math:math:AP] page 33: +38164 (cursor: 0/0)
03:15:49 [INFO]   [math:math:AP] page 34: +39392 (cursor: 0/0)
03:15:53 [INFO]   [math:math:AP] page 35: +40626 (cursor: 0/0)
03:15:57 [INFO]   [math:math:AP] page 36: +41852 (cursor: 0/0)
03:16:01 [INFO]   [math:math:AP] page 37: +43077 (cursor: 0/0)
03:16:06 [INFO]   [math:math:AP] page 38: +44299 (cursor: 0/0)
03:16:11 [INFO]   [math:math:AP] page 39: +45514 (cursor: 0/0)
03:16:15 [INFO]   [math:math:AP] page 40: +46749 (cursor: 0/0)
03:16:20 [INFO]   [math:math:AP] page 41: +47977 (cursor: 0/0)
03:16:24 [INFO]   [math:math:AP] page 42: +49203 (cursor: 0/0)
03:16:30 [INFO]   [math:math:AP] page 43: +50437 (cursor: 0/0)
03:16:34 [INFO]   [math:math:AP] page 44: +51653 (cursor: 0/0)
03:16:38 [INFO]   [math:math:AP] page 45: +52890 (cursor: 0/0)
03:16:43 [INFO]   [math:math:AP] page 46: +54120 (cursor: 0/0)
03:16:49 [INFO]   [math:math:AP] page 47: +55345 (cursor: 0/0)
03:16:53 [INFO]   [math:math:AP] page 48: +56561 (cursor: 0/0)
03:16:58 [INFO]   [math:math:AP] page 49: +57805 (cursor: 0/0)
03:17:02 [INFO]   [math:math:AP] page 50: +59035 (cursor: 0/0)
03:17:06 [INFO]   [math:math:AP] page 51: +60265 (cursor: 0/0)
03:17:10 [INFO]   [math:math:AP] page 52: +61489 (cursor: 0/0)
03:17:14 [INFO]   [math:math:AP] page 53: +62683 (cursor: 0/0)
03:17:21 [INFO]   [math:math:AP] page 54: +63918 (cursor: 0/0)
03:17:26 [INFO]   [math:math:AP] page 55: +65133 (cursor: 0/0)
03:17:32 [INFO]   [math:math:AP] page 56: +66348 (cursor: 0/0)
03:17:35 [INFO]   [math:math:AP] 完成: +67245 篇新论文
03:17:35 [INFO]   → 67245 篇 in 261.9s (257/s)
03:17:35 [INFO] 
[8/11] 📥 math:math:NA
03:17:40 [INFO]   [math:math:NA] page 1: +0 (cursor: 0/0)
03:17:44 [INFO]   [math:math:NA] page 2: +0 (cursor: 0/0)
03:17:48 [INFO]   [math:math:NA] page 3: +0 (cursor: 0/0)
03:17:53 [INFO]   [math:math:NA] page 4: +0 (cursor: 0/0)
03:17:58 [INFO]   [math:math:NA] page 5: +0 (cursor: 0/0)
03:18:04 [INFO]   [math:math:NA] page 6: +0 (cursor: 0/0)
03:18:12 [INFO]   [math:math:NA] page 7: +0 (cursor: 0/0)
03:18:17 [INFO]   [math:math:NA] page 8: +0 (cursor: 0/0)
03:18:25 [INFO]   [math:math:NA] page 9: +0 (cursor: 0/0)
03:18:34 [INFO]   [math:math:NA] page 10: +0 (cursor: 0/0)
03:18:39 [INFO]   [math:math:NA] page 11: +0 (cursor: 0/0)
03:18:44 [INFO]   [math:math:NA] page 12: +0 (cursor: 0/0)
03:18:50 [INFO]   [math:math:NA] page 13: +0 (cursor: 0/0)
03:18:56 [INFO]   [math:math:NA] page 14: +0 (cursor: 0/0)
03:19:03 [INFO]   [math:math:NA] page 15: +0 (cursor: 0/0)
03:19:09 [INFO]   [math:math:NA] page 16: +0 (cursor: 0/0)
03:19:14 [INFO]   [math:math:NA] page 17: +0 (cursor: 0/0)
03:19:21 [INFO]   [math:math:NA] page 18: +0 (cursor: 0/0)
03:19:29 [INFO]   [math:math:NA] page 19: +0 (cursor: 0/0)
03:19:37 [INFO]   [math:math:NA] page 20: +0 (cursor: 0/0)
03:19:42 [INFO]   [math:math:NA] page 21: +0 (cursor: 0/0)
03:19:47 [INFO]   [math:math:NA] page 22: +0 (cursor: 0/0)
03:19:54 [INFO]   [math:math:NA] page 23: +0 (cursor: 0/0)
03:19:59 [INFO]   [math:math:NA] page 24: +0 (cursor: 0/0)
03:20:04 [INFO]   [math:math:NA] page 25: +0 (cursor: 0/0)
03:20:10 [INFO]   [math:math:NA] page 26: +0 (cursor: 0/0)
03:20:18 [INFO]   [math:math:NA] page 27: +0 (cursor: 0/0)
03:20:23 [INFO]   [math:math:NA] page 28: +0 (cursor: 0/0)
03:20:28 [INFO]   [math:math:NA] page 29: +0 (cursor: 0/0)
03:20:33 [INFO]   [math:math:NA] page 30: +0 (cursor: 0/0)
03:20:39 [INFO]   [math:math:NA] page 31: +0 (cursor: 0/0)
03:20:45 [INFO]   [math:math:NA] page 32: +0 (cursor: 0/0)
03:20:52 [INFO]   [math:math:NA] page 33: +0 (cursor: 0/0)
03:20:59 [INFO]   [math:math:NA] page 34: +0 (cursor: 0/0)
03:21:05 [INFO]   [math:math:NA] page 35: +0 (cursor: 0/0)
03:21:12 [INFO]   [math:math:NA] page 36: +0 (cursor: 0/0)
03:21:16 [INFO]   [math:math:NA] page 37: +0 (cursor: 0/0)
03:21:21 [INFO]   [math:math:NA] 完成: +0 篇新论文
03:21:21 [INFO] 
[9/11] 📥 math:math:OC
03:21:25 [INFO]   [math:math:OC] page 1: +544 (cursor: 0/0)
03:21:30 [INFO]   [math:math:OC] page 2: +1593 (cursor: 0/0)
03:21:34 [INFO]   [math:math:OC] page 3: +2669 (cursor: 0/0)
03:21:39 [INFO]   [math:math:OC] page 4: +3735 (cursor: 0/0)
03:21:43 [INFO]   [math:math:OC] page 5: +4789 (cursor: 0/0)
03:21:47 [INFO]   [math:math:OC] page 6: +5832 (cursor: 0/0)
03:21:52 [INFO]   [math:math:OC] page 7: +6891 (cursor: 0/0)
03:21:59 [INFO]   [math:math:OC] page 8: +7916 (cursor: 0/0)
03:22:04 [INFO]   [math:math:OC] page 9: +9026 (cursor: 0/0)
03:22:09 [INFO]   [math:math:OC] page 10: +10099 (cursor: 0/0)
03:22:15 [INFO]   [math:math:OC] page 11: +11142 (cursor: 0/0)
03:22:21 [INFO]   [math:math:OC] page 12: +12165 (cursor: 0/0)
03:22:26 [INFO]   [math:math:OC] page 13: +13196 (cursor: 0/0)
03:22:30 [INFO]   [math:math:OC] page 14: +14187 (cursor: 0/0)
03:22:34 [INFO]   [math:math:OC] page 15: +15160 (cursor: 0/0)
03:22:40 [INFO]   [math:math:OC] page 16: +16069 (cursor: 0/0)
03:22:45 [INFO]   [math:math:OC] page 17: +17000 (cursor: 0/0)
03:22:49 [INFO]   [math:math:OC] page 18: +17868 (cursor: 0/0)
03:22:54 [INFO]   [math:math:OC] page 19: +18768 (cursor: 0/0)
03:22:59 [INFO]   [math:math:OC] page 20: +19666 (cursor: 0/0)
03:23:05 [INFO]   [math:math:OC] page 21: +20562 (cursor: 0/0)
03:23:11 [INFO]   [math:math:OC] page 22: +21453 (cursor: 0/0)
03:23:17 [INFO]   [math:math:OC] page 23: +22314 (cursor: 0/0)
03:23:22 [INFO]   [math:math:OC] page 24: +23167 (cursor: 0/0)
03:23:28 [INFO]   [math:math:OC] page 25: +24039 (cursor: 0/0)
03:23:35 [INFO]   [math:math:OC] page 26: +24894 (cursor: 0/0)
03:23:40 [INFO]   [math:math:OC] page 27: +25774 (cursor: 0/0)
03:23:45 [INFO]   [math:math:OC] page 28: +26629 (cursor: 0/0)
03:23:52 [INFO]   [math:math:OC] page 29: +27488 (cursor: 0/0)
03:23:59 [INFO]   [math:math:OC] page 30: +28335 (cursor: 0/0)
03:24:03 [INFO]   [math:math:OC] page 31: +29228 (cursor: 0/0)
03:24:11 [INFO]   [math:math:OC] page 32: +30082 (cursor: 0/0)
03:24:17 [INFO]   [math:math:OC] page 33: +30951 (cursor: 0/0)
03:24:22 [INFO]   [math:math:OC] page 34: +31849 (cursor: 0/0)
03:24:30 [INFO]   [math:math:OC] page 35: +32658 (cursor: 0/0)
03:24:35 [INFO]   [math:math:OC] page 36: +33542 (cursor: 0/0)
03:24:49 [INFO]   [math:math:OC] page 37: +34391 (cursor: 0/0)
03:24:55 [INFO]   [math:math:OC] page 38: +35291 (cursor: 0/0)
03:25:00 [INFO]   [math:math:OC] page 39: +36162 (cursor: 0/0)
03:25:04 [INFO]   [math:math:OC] page 40: +37030 (cursor: 0/0)
03:25:10 [INFO]   [math:math:OC] page 41: +37917 (cursor: 0/0)
03:25:16 [INFO]   [math:math:OC] page 42: +38837 (cursor: 0/0)
03:25:22 [INFO]   [math:math:OC] page 43: +39684 (cursor: 0/0)
03:25:27 [INFO]   [math:math:OC] page 44: +40571 (cursor: 0/0)
03:25:34 [INFO]   [math:math:OC] page 45: +41417 (cursor: 0/0)
03:25:40 [INFO]   [math:math:OC] page 46: +42320 (cursor: 0/0)
03:25:47 [INFO]   [math:math:OC] page 47: +43207 (cursor: 0/0)
03:25:49 [INFO]   [math:math:OC] 完成: +43314 篇新论文
03:25:49 [INFO]   → 43314 篇 in 267.6s (162/s)
03:25:49 [INFO] 
[10/11] 📥 stat:stat:ML
03:25:54 [INFO]   [stat:stat:ML] page 1: +550 (cursor: 0/0)
03:25:59 [INFO]   [stat:stat:ML] page 2: +881 (cursor: 0/0)
03:26:07 [INFO]   [stat:stat:ML] page 3: +1277 (cursor: 0/0)
03:26:12 [INFO]   [stat:stat:ML] page 4: +1709 (cursor: 0/0)
03:26:20 [INFO]   [stat:stat:ML] page 5: +2111 (cursor: 0/0)
03:26:25 [INFO]   [stat:stat:ML] page 6: +2490 (cursor: 0/0)
03:26:31 [INFO]   [stat:stat:ML] page 7: +2824 (cursor: 0/0)
03:26:36 [INFO]   [stat:stat:ML] page 8: +3185 (cursor: 0/0)
03:26:42 [INFO]   [stat:stat:ML] page 9: +3493 (cursor: 0/0)
03:26:47 [INFO]   [stat:stat:ML] page 10: +3690 (cursor: 0/0)
03:26:53 [INFO]   [stat:stat:ML] page 11: +3800 (cursor: 0/0)
03:26:59 [INFO]   [stat:stat:ML] page 12: +3921 (cursor: 0/0)
03:27:04 [INFO]   [stat:stat:ML] page 13: +3994 (cursor: 0/0)
03:27:10 [INFO]   [stat:stat:ML] page 14: +4061 (cursor: 0/0)
03:27:15 [INFO]   [stat:stat:ML] page 15: +4136 (cursor: 0/0)
03:27:23 [INFO]   [stat:stat:ML] page 16: +4198 (cursor: 0/0)
03:27:28 [INFO]   [stat:stat:ML] page 17: +4241 (cursor: 0/0)
03:27:35 [INFO]   [stat:stat:ML] page 18: +4310 (cursor: 0/0)
03:27:41 [INFO]   [stat:stat:ML] page 19: +4373 (cursor: 0/0)
03:27:47 [INFO]   [stat:stat:ML] page 20: +4437 (cursor: 0/0)
03:27:52 [INFO]   [stat:stat:ML] page 21: +4488 (cursor: 0/0)
03:27:58 [INFO]   [stat:stat:ML] page 22: +4532 (cursor: 0/0)
03:28:03 [INFO]   [stat:stat:ML] page 23: +4589 (cursor: 0/0)
03:28:09 [INFO]   [stat:stat:ML] page 24: +4634 (cursor: 0/0)
03:28:16 [INFO]   [stat:stat:ML] page 25: +4698 (cursor: 0/0)
03:28:21 [INFO]   [stat:stat:ML] page 26: +4769 (cursor: 0/0)
03:28:27 [INFO]   [stat:stat:ML] page 27: +4815 (cursor: 0/0)
03:28:34 [INFO]   [stat:stat:ML] page 28: +4886 (cursor: 0/0)
03:28:41 [INFO]   [stat:stat:ML] page 29: +4953 (cursor: 0/0)
03:28:50 [INFO]   [stat:stat:ML] page 30: +5010 (cursor: 0/0)
03:28:56 [INFO]   [stat:stat:ML] page 31: +5096 (cursor: 0/0)
03:29:07 [INFO]   [stat:stat:ML] page 32: +5214 (cursor: 0/0)
03:29:13 [INFO]   [stat:stat:ML] page 33: +5315 (cursor: 0/0)
03:29:18 [INFO]   [stat:stat:ML] page 34: +5407 (cursor: 0/0)
03:29:23 [INFO]   [stat:stat:ML] page 35: +5524 (cursor: 0/0)
03:29:30 [INFO]   [stat:stat:ML] page 36: +5614 (cursor: 0/0)
03:29:40 [INFO]   [stat:stat:ML] page 37: +5742 (cursor: 0/0)
03:29:47 [INFO]   [stat:stat:ML] page 38: +5870 (cursor: 0/0)
03:29:54 [INFO]   [stat:stat:ML] page 39: +6010 (cursor: 0/0)
03:29:59 [INFO]   [stat:stat:ML] page 40: +6154 (cursor: 0/0)
03:30:06 [INFO]   [stat:stat:ML] page 41: +6286 (cursor: 0/0)
03:30:12 [INFO]   [stat:stat:ML] page 42: +6426 (cursor: 0/0)
03:30:20 [INFO]   [stat:stat:ML] page 43: +6561 (cursor: 0/0)
03:30:25 [INFO]   [stat:stat:ML] page 44: +6724 (cursor: 0/0)
03:30:31 [INFO]   [stat:stat:ML] page 45: +6879 (cursor: 0/0)
03:30:37 [INFO]   [stat:stat:ML] page 46: +7006 (cursor: 0/0)
03:30:43 [INFO]   [stat:stat:ML] page 47: +7136 (cursor: 0/0)
03:30:50 [INFO]   [stat:stat:ML] page 48: +7278 (cursor: 0/0)
03:30:57 [INFO]   [stat:stat:ML] page 49: +7437 (cursor: 0/0)
03:31:03 [INFO]   [stat:stat:ML] page 50: +7549 (cursor: 0/0)
03:31:08 [INFO]   [stat:stat:ML] page 51: +7687 (cursor: 0/0)
03:31:15 [INFO]   [stat:stat:ML] page 52: +7842 (cursor: 0/0)
03:31:24 [INFO]   [stat:stat:ML] page 53: +7976 (cursor: 0/0)
03:31:31 [INFO]   [stat:stat:ML] page 54: +8142 (cursor: 0/0)
03:31:40 [INFO]   [stat:stat:ML] page 55: +8300 (cursor: 0/0)
03:31:46 [INFO]   [stat:stat:ML] page 56: +8461 (cursor: 0/0)
03:31:51 [INFO]   [stat:stat:ML] page 57: +8647 (cursor: 0/0)
03:31:56 [INFO]   [stat:stat:ML] page 58: +8783 (cursor: 0/0)
03:32:03 [INFO]   [stat:stat:ML] page 59: +8958 (cursor: 0/0)
03:32:07 [INFO]   [stat:stat:ML] 完成: +9044 篇新论文
03:32:07 [INFO]   → 9044 篇 in 377.7s (24/s)
03:32:07 [INFO] 
[11/11] 📥 stat:stat:CO
03:32:15 [INFO]   [stat:stat:CO] page 1: +1008 (cursor: 0/0)
03:32:21 [INFO]   [stat:stat:CO] page 2: +1868 (cursor: 0/0)
03:32:26 [INFO]   [stat:stat:CO] page 3: +2719 (cursor: 0/0)
03:32:32 [INFO]   [stat:stat:CO] page 4: +3529 (cursor: 0/0)
03:32:36 [INFO]   [stat:stat:CO] page 5: +4340 (cursor: 0/0)
03:32:41 [INFO]   [stat:stat:CO] page 6: +5089 (cursor: 0/0)
03:32:45 [INFO]   [stat:stat:CO] page 7: +5843 (cursor: 0/0)
03:32:51 [INFO]   [stat:stat:CO] 完成: +6469 篇新论文
03:32:51 [INFO]   → 6469 篇 in 43.8s (148/s)
03:32:51 [INFO] 
==================================================
03:32:51 [INFO] ✅ 下载完成
03:32:51 [INFO]   新增: 719573 篇
03:32:51 [INFO]   总计: 719,573 篇
03:32:51 [INFO]   耗时: 6772s
